[index-2.html]
[backblue.gif]
[fade.gif]
[index.html]
[assets/images/logo.png]
[assets/images/logo-2.png]
[assets/css/animate.css]
[assets/css/tiny-slider.css]
[assets/css/LineIcons.2.0.css]
[assets/css/bootstrap-5.0.0-beta1.min.css]
[assets/css/default.css]
[assets/css/style.css]
[index-3.html]
[assets/images/bob1.png]
[assets/images/icon-lock.png]
[assets/images/icon-marketing.png]
[assets/js/bootstrap.bundle-5.0.0-beta1.min.js]
[assets/js/tiny-slider.js]
[assets/js/wow.min.js]
[index-2.html]
[index-3.html]
[assets/js/main.js]
[assets/css/animate.css]
[assets/css/tiny-slider.css]
[assets/fonts/LineIcons.eot]
[assets/fonts/LineIcons.woff2]
[assets/fonts/LineIcons.woff]
[assets/fonts/LineIcons.ttf]
[assets/css/LineIcons.2.0.css]
[assets/css/bootstrap-5.0.0-beta1.min.css]
[assets/css/default.css]
[assets/fonts/LineIcons.svg]
[assets/fonts/Minecraftia-Regular.ttf]
[assets/css/style.css]
[assets/fonts/LineIcons.svg]
